
****** PlanAhead v14.7 (64-bit)
  **** Build 321239 by xbuild on Fri Sep 27 19:24:36 MDT 2013
    ** Copyright 1986-1999, 2001-2013 Xilinx, Inc. All Rights Reserved.

INFO: [Common 17-78] Attempting to get a license: PlanAhead
INFO: [Common 17-290] Got license for PlanAhead
INFO: [Common 17-86] Your PlanAhead license expires in -3052 day(s)
INFO: [Device 21-36] Loading parts and site information from /opt/Xilinx/14.7/ISE_DS/PlanAhead/data/parts/arch.xml
Parsing RTL primitives file [/opt/Xilinx/14.7/ISE_DS/PlanAhead/data/parts/xilinx/rtl/prims/rtl_prims.xml]
Finished parsing RTL primitives file [/opt/Xilinx/14.7/ISE_DS/PlanAhead/data/parts/xilinx/rtl/prims/rtl_prims.xml]
start_gui
source /home/ise/Xilinx_project/traffic_light/pa.fromNetlist.tcl
# create_project -name traffic_light -dir "/home/ise/Xilinx_project/traffic_light/planAhead_run_1" -part xc6slx9ftg256-3
create_project: Time (s): cpu = 00:00:04 ; elapsed = 00:00:05 . Memory (MB): peak = 2641.473 ; gain = 31.172
# set_property design_mode GateLvl [get_property srcset [current_run -impl]]
# set_property edif_top_file "/home/ise/Xilinx_project/traffic_light/traffic_light.ngc" [ get_property srcset [ current_run ] ]
# add_files -norecurse { {/home/ise/Xilinx_project/traffic_light} }
# set_property target_constrs_file "traffic_light.ucf" [current_fileset -constrset]
Adding file '/home/ise/Xilinx_project/traffic_light/traffic_light.ucf' to fileset 'constrs_1'
# add_files [list {traffic_light.ucf}] -fileset [get_property constrset [current_run]]
# link_design
Design is defaulting to srcset: sources_1
Design is defaulting to constrset: constrs_1
Design is defaulting to project part: xc6slx9ftg256-3
Release 14.7 - ngc2edif P.20131013 (lin64)
Copyright (c) 1995-2013 Xilinx, Inc.  All rights reserved.

Release 14.7 - ngc2edif P.20131013 (lin64)
Copyright (c) 1995-2013 Xilinx, Inc.  All rights reserved.
Reading design traffic_light.ngc ...
WARNING:NetListWriters:298 - No output is written to traffic_light.xncf,
   ignored.
Processing design ...
   Preping design's networks ...
   Preping design's macros ...
  finished :Prep
Writing EDIF netlist file traffic_light.edif ...
ngc2edif: Total memory usage is 104124 kilobytes

Parsing EDIF File [./planAhead_run_1/traffic_light.data/cache/traffic_light_ngc_245e9c49.edif]
Finished Parsing EDIF File [./planAhead_run_1/traffic_light.data/cache/traffic_light_ngc_245e9c49.edif]
INFO: [Netlist 29-17] Analyzing 1 Unisim elements for replacement
INFO: [Netlist 29-28] Unisim Transformation completed in 0 CPU seconds
Loading clock regions from /opt/Xilinx/14.7/ISE_DS/PlanAhead/data/parts/xilinx/spartan6/spartan6lx/xc6slx9/ClockRegion.xml
Loading clock buffers from /opt/Xilinx/14.7/ISE_DS/PlanAhead/data/parts/xilinx/spartan6/spartan6lx/xc6slx9/ClockBuffers.xml
Loading package pin functions from /opt/Xilinx/14.7/ISE_DS/PlanAhead/data/parts/xilinx/spartan6/PinFunctions.xml...
Loading package from /opt/Xilinx/14.7/ISE_DS/PlanAhead/data/parts/xilinx/spartan6/spartan6lx/xc6slx9/ftg256/Package.xml
Loading io standards from /opt/Xilinx/14.7/ISE_DS/PlanAhead/data/./parts/xilinx/spartan6/IOStandards.xml
Loading device configuration modes from /opt/Xilinx/14.7/ISE_DS/PlanAhead/data/parts/xilinx/spartan6/ConfigModes.xml
Loading list of drcs for the architecture : /opt/Xilinx/14.7/ISE_DS/PlanAhead/data/./parts/xilinx/spartan6/drc.xml
Parsing UCF File [/home/ise/Xilinx_project/traffic_light/traffic_light.ucf]
Finished Parsing UCF File [/home/ise/Xilinx_project/traffic_light/traffic_light.ucf]
INFO: [Project 1-111] Unisim Transformation Summary:
  A total of 1 instances were transformed.
  BUFGP => BUFGP (IBUF, BUFG): 1 instances

Phase 0 | Netlist Checksum: e20660f0
link_design: Time (s): cpu = 00:00:21 ; elapsed = 00:00:23 . Memory (MB): peak = 2788.938 ; gain = 138.453
startgroup
set_property package_pin P4 [get_ports do_led]
endgroup
startgroup
set_property package_pin N5 [get_ports vang_led]
endgroup
startgroup
set_property package_pin P5 [get_ports xanh_led]
endgroup
startgroup
set_property package_pin M6 [get_ports led_nut]
endgroup
startgroup
set_property package_pin C3 [get_ports nut]
endgroup
startgroup
set_property package_pin L3 [get_ports reset]
endgroup
startgroup
set_property package_pin T8 [get_ports clk]
endgroup
save_constraints
