#-----------------------------------------------------------
# PlanAhead v14.7 (64-bit)
# Build 321239 by xbuild on Fri Sep 27 19:24:36 MDT 2013
# Start of session at: Thu Sep  4 11:06:15 2025
# Process ID: 8370
# Log file: /home/ise/Xilinx_project/blink_led/planAhead_run_1/planAhead.log
# Journal file: /home/ise/Xilinx_project/blink_led/planAhead_run_1/planAhead.jou
#-----------------------------------------------------------
INFO: [Common 17-78] Attempting to get a license: PlanAhead
INFO: [Common 17-290] Got license for PlanAhead
INFO: [Common 17-86] Your PlanAhead license expires in -3049 day(s)
INFO: [Device 21-36] Loading parts and site information from /opt/Xilinx/14.7/ISE_DS/PlanAhead/data/parts/arch.xml
Parsing RTL primitives file [/opt/Xilinx/14.7/ISE_DS/PlanAhead/data/parts/xilinx/rtl/prims/rtl_prims.xml]
Finished parsing RTL primitives file [/opt/Xilinx/14.7/ISE_DS/PlanAhead/data/parts/xilinx/rtl/prims/rtl_prims.xml]
start_gui
source /home/ise/Xilinx_project/blink_led/pa.fromNetlist.tcl
# create_project -name blink_led -dir "/home/ise/Xilinx_project/blink_led/planAhead_run_1" -part xc6slx9ftg256-3
# set_property design_mode GateLvl [get_property srcset [current_run -impl]]
# set_property edif_top_file "/home/ise/Xilinx_project/blink_led/blink_led.ngc" [ get_property srcset [ current_run ] ]
# add_files -norecurse { {/home/ise/Xilinx_project/blink_led} }
# set_property target_constrs_file "blink_led.ucf" [current_fileset -constrset]
Adding file '/home/ise/Xilinx_project/blink_led/blink_led.ucf' to fileset 'constrs_1'
# add_files [list {blink_led.ucf}] -fileset [get_property constrset [current_run]]
# link_design
Design is defaulting to srcset: sources_1
Design is defaulting to constrset: constrs_1
Design is defaulting to project part: xc6slx9ftg256-3
Release 14.7 - ngc2edif P.20131013 (lin64)
Copyright (c) 1995-2013 Xilinx, Inc.  All rights reserved.

Release 14.7 - ngc2edif P.20131013 (lin64)
Copyright (c) 1995-2013 Xilinx, Inc.  All rights reserved.
Reading design blink_led.ngc ...
WARNING:NetListWriters:298 - No output is written to blink_led.xncf, ignored.
Processing design ...
   Preping design's networks ...
   Preping design's macros ...
  finished :Prep
Writing EDIF netlist file blink_led.edif ...
ngc2edif: Total memory usage is 104100 kilobytes

Parsing EDIF File [./planAhead_run_1/blink_led.data/cache/blink_led_ngc_f2a1d385.edif]
Finished Parsing EDIF File [./planAhead_run_1/blink_led.data/cache/blink_led_ngc_f2a1d385.edif]
INFO: [Netlist 29-17] Analyzing 1 Unisim elements for replacement
INFO: [Netlist 29-28] Unisim Transformation completed in 0 CPU seconds
Loading clock regions from /opt/Xilinx/14.7/ISE_DS/PlanAhead/data/parts/xilinx/spartan6/spartan6lx/xc6slx9/ClockRegion.xml
Loading clock buffers from /opt/Xilinx/14.7/ISE_DS/PlanAhead/data/parts/xilinx/spartan6/spartan6lx/xc6slx9/ClockBuffers.xml
Loading package pin functions from /opt/Xilinx/14.7/ISE_DS/PlanAhead/data/parts/xilinx/spartan6/PinFunctions.xml...
Loading package from /opt/Xilinx/14.7/ISE_DS/PlanAhead/data/parts/xilinx/spartan6/spartan6lx/xc6slx9/ftg256/Package.xml
Loading io standards from /opt/Xilinx/14.7/ISE_DS/PlanAhead/data/./parts/xilinx/spartan6/IOStandards.xml
Loading device configuration modes from /opt/Xilinx/14.7/ISE_DS/PlanAhead/data/parts/xilinx/spartan6/ConfigModes.xml
Loading list of drcs for the architecture : /opt/Xilinx/14.7/ISE_DS/PlanAhead/data/./parts/xilinx/spartan6/drc.xml
Parsing UCF File [/home/ise/Xilinx_project/blink_led/blink_led.ucf]
Finished Parsing UCF File [/home/ise/Xilinx_project/blink_led/blink_led.ucf]
INFO: [Project 1-111] Unisim Transformation Summary:
  A total of 1 instances were transformed.
  BUFGP => BUFGP (IBUF, BUFG): 1 instances

Phase 0 | Netlist Checksum: 6de712e3
link_design: Time (s): cpu = 00:00:17 ; elapsed = 00:00:18 . Memory (MB): peak = 2785.059 ; gain = 134.301
startgroup
set_property package_pin T8 [get_ports clk]
endgroup
startgroup
set_property package_pin P4 [get_ports {led[0]}]
endgroup
startgroup
set_property package_pin N5 [get_ports {led[1]}]
endgroup
startgroup
set_property package_pin P5 [get_ports {led[2]}]
endgroup
startgroup
set_property package_pin M6 [get_ports {led[3]}]
endgroup
startgroup
set_property package_pin C7 [get_ports dclk1]
endgroup
save_constraints
exit
ERROR: [#UNDEF] *** Exception: ui.h.b: Found deleted key in HTclEventBroker. Verify if the classes listed here call cleanup()
HTclEvent: DEBUG_CORE_CONFIG_CHANGE   Classes: ui.views.aR 
HTclEvent: SIGNAL_BUS_MODIFY   Classes: ui.views.aR 
HTclEvent: SIGNAL_MODIFY   Classes: ui.views.aR 
HTclEvent: DEBUG_PORT_CONFIG_CHANGE   Classes: ui.views.aR 
 (See /home/ise/Xilinx_project/blink_led/planAhead_pid8370.debug)
ERROR: [Common 17-39] 'stop_gui' failed due to earlier errors.
INFO: [Common 17-206] Exiting PlanAhead at Thu Sep  4 12:20:49 2025...
INFO: [Common 17-83] Releasing license: PlanAhead
