Release 14.7 Map P.20131013 (lin64)
Xilinx Mapping Report File for Design 'top_module'

Design Information
------------------
Command Line   : map -intstyle ise -p xc6slx9-ftg256-3 -w -logic_opt off -ol
high -t 1 -xt 0 -register_duplication off -r 4 -global_opt off -mt off -ir off
-pr off -lc off -power off -o top_module_map.ncd top_module.ngd top_module.pcf 
Target Device  : xc6slx9
Target Package : ftg256
Target Speed   : -3
Mapper Version : spartan6 -- $Revision: 1.55 $
Mapped Date    : Thu Oct  2 16:29:46 2025

Interim Summary
---------------
Slice Logic Utilization:
  Number of Slice Registers:                   274 out of  11,440    2%
    Number used as Flip Flops:                 263
    Number used as Latches:                      0
    Number used as Latch-thrus:                  0
    Number used as AND/OR logics:               11
  Number of Slice LUTs:                     57,837 out of   5,720 1011% (OVERMAPPED)
    Number used as logic:                   12,955 out of   5,720  226% (OVERMAPPED)
      Number using O6 output only:          12,457
      Number using O5 output only:              14
      Number using O5 and O6:                  484
      Number used as ROM:                        0
    Number used as Memory:                  44,880 out of   1,440 3116% (OVERMAPPED)
      Number used as Dual Port RAM:         44,880
        Number using O6 output only:        44,880
        Number using O5 output only:             0
        Number using O5 and O6:                  0
      Number used as Single Port RAM:            0
      Number used as Shift Register:             0
    Number used exclusively as route-thrus:      2
      Number with same-slice register load:      0
      Number with same-slice carry load:         2
      Number with other load:                    0

Slice Logic Distribution:
  Number of MUXCYs used:                        72 out of   2,860    2%
  Number of LUT Flip Flop pairs used:       57,999
    Number with an unused Flip Flop:        57,727 out of  57,999   99%
    Number with an unused LUT:                 162 out of  57,999    1%
    Number of fully used LUT-FF pairs:         110 out of  57,999    1%
    Number of unique control sets:           2,053
    Number of slice register sites lost
      to control set restrictions:           4,121 out of  11,440   36%

  A LUT Flip Flop pair for this architecture represents one LUT paired with
  one Flip Flop within a slice.  A control set is a unique combination of
  clock, reset, set, and enable signals for a registered element.
  The Slice Logic Distribution report is not meaningful if the design is
  over-mapped for a non-slice resource or if Placement fails.

IO Utilization:
  Number of bonded IOBs:                        37 out of     186   19%

Specific Feature Utilization:
  Number of RAMB16BWERs:                         0 out of      32    0%
  Number of RAMB8BWERs:                          0 out of      64    0%
  Number of BUFIO2/BUFIO2_2CLKs:                 1 out of      32    3%
    Number used as BUFIO2s:                      1
    Number used as BUFIO2_2CLKs:                 0
  Number of BUFIO2FB/BUFIO2FB_2CLKs:             0 out of      32    0%
  Number of BUFG/BUFGMUXs:                       1 out of      16    6%
    Number used as BUFGs:                        1
    Number used as BUFGMUX:                      0
  Number of DCM/DCM_CLKGENs:                     0 out of       4    0%
  Number of ILOGIC2/ISERDES2s:                   0 out of     200    0%
  Number of IODELAY2/IODRP2/IODRP2_MCBs:         0 out of     200    0%
  Number of OLOGIC2/OSERDES2s:                   0 out of     200    0%
  Number of BSCANs:                              0 out of       4    0%
  Number of BUFHs:                               0 out of     128    0%
  Number of BUFPLLs:                             0 out of       8    0%
  Number of BUFPLL_MCBs:                         0 out of       4    0%
  Number of DSP48A1s:                            2 out of      16   12%
  Number of ICAPs:                               0 out of       1    0%
  Number of MCBs:                                0 out of       2    0%
  Number of PCILOGICSEs:                         0 out of       2    0%
  Number of PLL_ADVs:                            1 out of       2   50%
  Number of PMVs:                                0 out of       1    0%
  Number of STARTUPs:                            0 out of       1    0%
  Number of SUSPEND_SYNCs:                       0 out of       1    0%


Mapping completed.
See MAP report file "top_module_map.mrp" for details.
Problem encountered during the packing phase.

Design Summary
--------------
Number of errors   :   3
Number of warnings :   2

Section 1 - Errors
------------------
ERROR:Pack:2412 - The number of logical LUT blocks exceeds the capacity for the target device.
ERROR:Pack:2744 - This design requires at least 6120 SLICEMs for LUTRAMs. The target device has only 360 SLICEM sites. Please modify the
   logical design source to reduce the number of LUTRAMs. 
   As an alternative, please select a device with more SLICEM sites.
ERROR:Map:237 - The design is too large to fit the device.  Please check the Design Summary section to see which resource requirement for
   your design exceeds the resources available in the device. Note that the number of slices reported may not be reflected accurately as
   their packing might not have been completed.

Section 2 - Warnings
--------------------
WARNING:Security:42 - Your software subscription period has lapsed. Your current
version of Xilinx tools will continue to function, but you no longer qualify for
Xilinx software updates or new releases.
WARNING:MapLib:701 - Signal cam_scl connected to top level port cam_scl has been
   removed.
WARNING:MapLib:701 - Signal cam_sda connected to top level port cam_sda has been
   removed.

Section 3 - Informational
-------------------------
INFO:Security:54 - 'xc6slx9' is a WebPack part.
INFO:LIT:243 - Logical network fb_inst/Mram_ram12240/SPO has no load.
INFO:LIT:395 - The above info message is repeated 2039 more times for the
   following (max. 5 shown):
   fb_inst/Mram_ram12238/SPO,
   fb_inst/Mram_ram12237/SPO,
   fb_inst/Mram_ram12239/SPO,
   fb_inst/Mram_ram12235/SPO,
   fb_inst/Mram_ram12234/SPO
   To see the details of these info messages, please use the -detail switch.
INFO:MapLib:562 - No environment variables are currently set.
INFO:MapLib:841 - Changing COMPENSATION attribute from SYSTEM_SYNCHRONOUS to
   INTERNAL for PLL_ADV clk_gen_inst/pll_inst/PLL_ADV.
INFO:LIT:244 - All of the single ended outputs in this design are using slew
   rate limited output drivers. The delay on speed critical single ended outputs
   can be dramatically reduced by designating them as fast outputs.
INFO:Pack:1716 - Initializing temperature to 85.000 Celsius. (default - Range:
   0.000 to 85.000 Celsius)
INFO:Pack:1720 - Initializing voltage to 1.140 Volts. (default - Range: 1.140 to
   1.260 Volts)

Section 4 - Removed Logic Summary
---------------------------------
   5 block(s) removed
   2 block(s) optimized away
   2 signal(s) removed

Section 5 - Removed Logic
-------------------------

The trimmed logic report below shows the logic removed from your design due to
sourceless or loadless signals, and VCC or ground connections.  If the removal
of a signal or symbol results in the subsequent removal of an additional signal
or symbol, the message explaining that second removal will be indented.  This
indentation will be repeated as a chain of related logic is removed.

To quickly locate the original cause for the removal of a chain of logic, look
above the place where that logic is listed in the trimming report, then locate
the lines that are least indented (begin at the leftmost edge).

Loadless block "lcd_driver_inst/Madd_n0070_Madd16" (ROM) removed.

The trimmed logic reported below is either:
   1. part of a cycle
   2. part of disabled logic
   3. a side-effect of other trimmed logic

The signal "cam_scl" is unused and has been removed.
 Unused block "cam_scl_OBUFT" (TRI) removed.
The signal "cam_sda" is unused and has been removed.
 Unused block "cam_sda_OBUFT" (TRI) removed.
Unused block "cam_scl" (PAD) removed.
Unused block "cam_sda" (PAD) removed.

Optimized Block(s):
TYPE 		BLOCK
GND 		XST_GND
VCC 		XST_VCC

To enable printing of redundant blocks removed and signals merged, set the
detailed map report option and rerun map.

Section 12 - Configuration String Details
-----------------------------------------
Use the "-detail" map option to print out Configuration Strings

Section 13 - Control Set Information
------------------------------------
Use the "-detail" map option to print out Control Set Information.
