Release 14.7 - xst P.20131013 (lin64)
Copyright (c) 1995-2013 Xilinx, Inc.  All rights reserved.
--> 
Parameter TMPDIR set to xst/projnav.tmp


Total REAL time to Xst completion: 0.00 secs
Total CPU time to Xst completion: 0.12 secs
 
--> 
Parameter xsthdpdir set to xst


Total REAL time to Xst completion: 0.00 secs
Total CPU time to Xst completion: 0.12 secs
 
--> 
Reading design: traffic_light.prj

TABLE OF CONTENTS
  1) Synthesis Options Summary
  2) HDL Parsing
  3) HDL Elaboration
  4) HDL Synthesis
       4.1) HDL Synthesis Report
  5) Advanced HDL Synthesis
       5.1) Advanced HDL Synthesis Report
  6) Low Level Synthesis
  7) Partition Report
  8) Design Summary
       8.1) Primitive and Black Box Usage
       8.2) Device utilization summary
       8.3) Partition Resource Summary
       8.4) Timing Report
            8.4.1) Clock Information
            8.4.2) Asynchronous Control Signals Information
            8.4.3) Timing Summary
            8.4.4) Timing Details
            8.4.5) Cross Clock Domains Report


=========================================================================
*                      Synthesis Options Summary                        *
=========================================================================
---- Source Parameters
Input File Name                    : "traffic_light.prj"
Ignore Synthesis Constraint File   : NO

---- Target Parameters
Output File Name                   : "traffic_light"
Output Format                      : NGC
Target Device                      : xc6slx9-3-ftg256

---- Source Options
Top Module Name                    : traffic_light
Automatic FSM Extraction           : YES
FSM Encoding Algorithm             : Auto
Safe Implementation                : No
FSM Style                          : LUT
RAM Extraction                     : Yes
RAM Style                          : Auto
ROM Extraction                     : Yes
Shift Register Extraction          : YES
ROM Style                          : Auto
Resource Sharing                   : YES
Asynchronous To Synchronous        : NO
Shift Register Minimum Size        : 2
Use DSP Block                      : Auto
Automatic Register Balancing       : No

---- Target Options
LUT Combining                      : Auto
Reduce Control Sets                : Auto
Add IO Buffers                     : YES
Global Maximum Fanout              : 100000
Add Generic Clock Buffer(BUFG)     : 16
Register Duplication               : YES
Optimize Instantiated Primitives   : NO
Use Clock Enable                   : Auto
Use Synchronous Set                : Auto
Use Synchronous Reset              : Auto
Pack IO Registers into IOBs        : Auto
Equivalent register Removal        : YES

---- General Options
Optimization Goal                  : Speed
Optimization Effort                : 1
Power Reduction                    : NO
Keep Hierarchy                     : No
Netlist Hierarchy                  : As_Optimized
RTL Output                         : Yes
Global Optimization                : AllClockNets
Read Cores                         : YES
Write Timing Constraints           : NO
Cross Clock Analysis               : NO
Hierarchy Separator                : /
Bus Delimiter                      : <>
Case Specifier                     : Maintain
Slice Utilization Ratio            : 100
BRAM Utilization Ratio             : 100
DSP48 Utilization Ratio            : 100
Auto BRAM Packing                  : NO
Slice Utilization Ratio Delta      : 5

=========================================================================


=========================================================================
*                          HDL Parsing                                  *
=========================================================================
Parsing VHDL file "/home/ise/Xilinx_project/traffic_light/traffic_light.vhd" into library work
Parsing entity <traffic_light>.
Parsing architecture <Behavioral> of entity <traffic_light>.

=========================================================================
*                            HDL Elaboration                            *
=========================================================================

Elaborating entity <traffic_light> (architecture <Behavioral>) from library <work>.

=========================================================================
*                           HDL Synthesis                               *
=========================================================================

Synthesizing Unit <traffic_light>.
    Related source file is "/home/ise/Xilinx_project/traffic_light/traffic_light.vhd".
    Found 5-bit register for signal <time_counter>.
    Found 2-bit register for signal <cur_state>.
    Found 26-bit register for signal <counter_1s>.
    Found 1-bit register for signal <one_s>.
    Found 1-bit register for signal <nut_prev>.
    Found 1-bit register for signal <nut_press>.
    Found 1-bit register for signal <nut_req>.
    Found finite state machine <FSM_0> for signal <cur_state>.
    -----------------------------------------------------------------------
    | States             | 3                                              |
    | Transitions        | 9                                              |
    | Inputs             | 4                                              |
    | Outputs            | 5                                              |
    | Clock              | clk (rising_edge)                              |
    | Reset              | reset (positive)                               |
    | Reset type         | asynchronous                                   |
    | Reset State        | xanh                                           |
    | Power Up State     | xanh                                           |
    | Encoding           | auto                                           |
    | Implementation     | LUT                                            |
    -----------------------------------------------------------------------
    Found 26-bit adder for signal <counter_1s[25]_GND_5_o_add_1_OUT> created at line 85.
    Found 5-bit adder for signal <time_counter[4]_GND_5_o_add_6_OUT> created at line 124.
    Found 26-bit comparator lessequal for signal <n0000> created at line 81
    Found 5-bit comparator lessequal for signal <n0019> created at line 139
    Found 5-bit comparator lessequal for signal <n0021> created at line 140
    Found 5-bit comparator greater for signal <n0026> created at line 145
    Found 5-bit comparator greater for signal <n0029> created at line 150
    Summary:
	inferred   2 Adder/Subtractor(s).
	inferred  35 D-type flip-flop(s).
	inferred   5 Comparator(s).
	inferred   1 Multiplexer(s).
	inferred   1 Finite State Machine(s).
Unit <traffic_light> synthesized.

=========================================================================
HDL Synthesis Report

Macro Statistics
# Adders/Subtractors                                   : 2
 26-bit adder                                          : 1
 5-bit adder                                           : 1
# Registers                                            : 6
 1-bit register                                        : 4
 26-bit register                                       : 1
 5-bit register                                        : 1
# Comparators                                          : 5
 26-bit comparator lessequal                           : 1
 5-bit comparator greater                              : 2
 5-bit comparator lessequal                            : 2
# Multiplexers                                         : 1
 26-bit 2-to-1 multiplexer                             : 1
# FSMs                                                 : 1

=========================================================================

=========================================================================
*                       Advanced HDL Synthesis                          *
=========================================================================


Synthesizing (advanced) Unit <traffic_light>.
The following registers are absorbed into counter <counter_1s>: 1 register on signal <counter_1s>.
The following registers are absorbed into counter <time_counter>: 1 register on signal <time_counter>.
Unit <traffic_light> synthesized (advanced).

=========================================================================
Advanced HDL Synthesis Report

Macro Statistics
# Counters                                             : 2
 26-bit up counter                                     : 1
 5-bit up counter                                      : 1
# Registers                                            : 4
 Flip-Flops                                            : 4
# Comparators                                          : 5
 26-bit comparator lessequal                           : 1
 5-bit comparator greater                              : 2
 5-bit comparator lessequal                            : 2
# FSMs                                                 : 1

=========================================================================

=========================================================================
*                         Low Level Synthesis                           *
=========================================================================
Analyzing FSM <MFsm> for best encoding.
Optimizing FSM <FSM_0> on signal <cur_state[1:2]> with user encoding.
-------------------
 State | Encoding
-------------------
 xanh  | 00
 vang  | 01
 do    | 10
-------------------

Optimizing unit <traffic_light> ...

Mapping all equations...
Building and optimizing final netlist ...
Found area constraint ratio of 100 (+ 5) on block traffic_light, actual ratio is 1.

Final Macro Processing ...

=========================================================================
Final Register Report

Macro Statistics
# Registers                                            : 37
 Flip-Flops                                            : 37

=========================================================================

=========================================================================
*                           Partition Report                            *
=========================================================================

Partition Implementation Status
-------------------------------

  No Partitions were found in this design.

-------------------------------

=========================================================================
*                            Design Summary                             *
=========================================================================

Top Level Output File Name         : traffic_light.ngc

Primitive and Black Box Usage:
------------------------------
# BELS                             : 108
#      GND                         : 1
#      INV                         : 2
#      LUT1                        : 1
#      LUT2                        : 3
#      LUT3                        : 28
#      LUT4                        : 4
#      LUT5                        : 9
#      LUT6                        : 2
#      MUXCY                       : 31
#      VCC                         : 1
#      XORCY                       : 26
# FlipFlops/Latches                : 37
#      FDC                         : 32
#      FDCE                        : 5
# Clock Buffers                    : 1
#      BUFGP                       : 1
# IO Buffers                       : 6
#      IBUF                        : 2
#      OBUF                        : 4

Device utilization summary:
---------------------------

Selected Device : 6slx9ftg256-3 


Slice Logic Utilization: 
 Number of Slice Registers:              37  out of  11440     0%  
 Number of Slice LUTs:                   49  out of   5720     0%  
    Number used as Logic:                49  out of   5720     0%  

Slice Logic Distribution: 
 Number of LUT Flip Flop pairs used:     51
   Number with an unused Flip Flop:      14  out of     51    27%  
   Number with an unused LUT:             2  out of     51     3%  
   Number of fully used LUT-FF pairs:    35  out of     51    68%  
   Number of unique control sets:         2

IO Utilization: 
 Number of IOs:                           7
 Number of bonded IOBs:                   7  out of    186     3%  

Specific Feature Utilization:
 Number of BUFG/BUFGCTRLs:                1  out of     16     6%  

---------------------------
Partition Resource Summary:
---------------------------

  No Partitions were found in this design.

---------------------------


=========================================================================
Timing Report

NOTE: THESE TIMING NUMBERS ARE ONLY A SYNTHESIS ESTIMATE.
      FOR ACCURATE TIMING INFORMATION PLEASE REFER TO THE TRACE REPORT
      GENERATED AFTER PLACE-and-ROUTE.

Clock Information:
------------------
-----------------------------------+------------------------+-------+
Clock Signal                       | Clock buffer(FF name)  | Load  |
-----------------------------------+------------------------+-------+
clk                                | BUFGP                  | 37    |
-----------------------------------+------------------------+-------+

Asynchronous Control Signals Information:
----------------------------------------
No asynchronous control signals found in this design

Timing Summary:
---------------
Speed Grade: -3

   Minimum period: 4.908ns (Maximum Frequency: 203.731MHz)
   Minimum input arrival time before clock: 3.014ns
   Maximum output required time after clock: 4.619ns
   Maximum combinational path delay: No path found

Timing Details:
---------------
All values displayed in nanoseconds (ns)

=========================================================================
Timing constraint: Default period analysis for Clock 'clk'
  Clock period: 4.908ns (frequency: 203.731MHz)
  Total number of paths / destination ports: 15145 / 41
-------------------------------------------------------------------------
Delay:               4.908ns (Levels of Logic = 33)
  Source:            counter_1s_7 (FF)
  Destination:       counter_1s_25 (FF)
  Source Clock:      clk rising
  Destination Clock: clk rising

  Data Path: counter_1s_7 to counter_1s_25
                                Gate     Net
    Cell:in->out      fanout   Delay   Delay  Logical Name (Net Name)
    ----------------------------------------  ------------
     FDC:C->Q              3   0.447   0.995  counter_1s_7 (counter_1s_7)
     LUT5:I0->O            1   0.203   0.000  Mcompar_PWR_5_o_counter_1s[25]_LessThan_1_o_lut<1> (Mcompar_PWR_5_o_counter_1s[25]_LessThan_1_o_lut<1>)
     MUXCY:S->O            1   0.172   0.000  Mcompar_PWR_5_o_counter_1s[25]_LessThan_1_o_cy<1> (Mcompar_PWR_5_o_counter_1s[25]_LessThan_1_o_cy<1>)
     MUXCY:CI->O           1   0.019   0.000  Mcompar_PWR_5_o_counter_1s[25]_LessThan_1_o_cy<2> (Mcompar_PWR_5_o_counter_1s[25]_LessThan_1_o_cy<2>)
     MUXCY:CI->O           1   0.019   0.000  Mcompar_PWR_5_o_counter_1s[25]_LessThan_1_o_cy<3> (Mcompar_PWR_5_o_counter_1s[25]_LessThan_1_o_cy<3>)
     MUXCY:CI->O           1   0.019   0.000  Mcompar_PWR_5_o_counter_1s[25]_LessThan_1_o_cy<4> (Mcompar_PWR_5_o_counter_1s[25]_LessThan_1_o_cy<4>)
     MUXCY:CI->O          28   0.258   1.234  Mcompar_PWR_5_o_counter_1s[25]_LessThan_1_o_cy<5> (PWR_5_o_counter_1s[25]_LessThan_1_o)
     INV:I->O              1   0.206   0.579  PWR_5_o_counter_1s[25]_LessThan_1_o_inv1_INV_0 (PWR_5_o_counter_1s[25]_LessThan_1_o_inv)
     MUXCY:CI->O           1   0.019   0.000  Mcount_counter_1s_cy<0> (Mcount_counter_1s_cy<0>)
     MUXCY:CI->O           1   0.019   0.000  Mcount_counter_1s_cy<1> (Mcount_counter_1s_cy<1>)
     MUXCY:CI->O           1   0.019   0.000  Mcount_counter_1s_cy<2> (Mcount_counter_1s_cy<2>)
     MUXCY:CI->O           1   0.019   0.000  Mcount_counter_1s_cy<3> (Mcount_counter_1s_cy<3>)
     MUXCY:CI->O           1   0.019   0.000  Mcount_counter_1s_cy<4> (Mcount_counter_1s_cy<4>)
     MUXCY:CI->O           1   0.019   0.000  Mcount_counter_1s_cy<5> (Mcount_counter_1s_cy<5>)
     MUXCY:CI->O           1   0.019   0.000  Mcount_counter_1s_cy<6> (Mcount_counter_1s_cy<6>)
     MUXCY:CI->O           1   0.019   0.000  Mcount_counter_1s_cy<7> (Mcount_counter_1s_cy<7>)
     MUXCY:CI->O           1   0.019   0.000  Mcount_counter_1s_cy<8> (Mcount_counter_1s_cy<8>)
     MUXCY:CI->O           1   0.019   0.000  Mcount_counter_1s_cy<9> (Mcount_counter_1s_cy<9>)
     MUXCY:CI->O           1   0.019   0.000  Mcount_counter_1s_cy<10> (Mcount_counter_1s_cy<10>)
     MUXCY:CI->O           1   0.019   0.000  Mcount_counter_1s_cy<11> (Mcount_counter_1s_cy<11>)
     MUXCY:CI->O           1   0.019   0.000  Mcount_counter_1s_cy<12> (Mcount_counter_1s_cy<12>)
     MUXCY:CI->O           1   0.019   0.000  Mcount_counter_1s_cy<13> (Mcount_counter_1s_cy<13>)
     MUXCY:CI->O           1   0.019   0.000  Mcount_counter_1s_cy<14> (Mcount_counter_1s_cy<14>)
     MUXCY:CI->O           1   0.019   0.000  Mcount_counter_1s_cy<15> (Mcount_counter_1s_cy<15>)
     MUXCY:CI->O           1   0.019   0.000  Mcount_counter_1s_cy<16> (Mcount_counter_1s_cy<16>)
     MUXCY:CI->O           1   0.019   0.000  Mcount_counter_1s_cy<17> (Mcount_counter_1s_cy<17>)
     MUXCY:CI->O           1   0.019   0.000  Mcount_counter_1s_cy<18> (Mcount_counter_1s_cy<18>)
     MUXCY:CI->O           1   0.019   0.000  Mcount_counter_1s_cy<19> (Mcount_counter_1s_cy<19>)
     MUXCY:CI->O           1   0.019   0.000  Mcount_counter_1s_cy<20> (Mcount_counter_1s_cy<20>)
     MUXCY:CI->O           1   0.019   0.000  Mcount_counter_1s_cy<21> (Mcount_counter_1s_cy<21>)
     MUXCY:CI->O           1   0.019   0.000  Mcount_counter_1s_cy<22> (Mcount_counter_1s_cy<22>)
     MUXCY:CI->O           1   0.019   0.000  Mcount_counter_1s_cy<23> (Mcount_counter_1s_cy<23>)
     MUXCY:CI->O           0   0.019   0.000  Mcount_counter_1s_cy<24> (Mcount_counter_1s_cy<24>)
     XORCY:CI->O           1   0.180   0.000  Mcount_counter_1s_xor<25> (Mcount_counter_1s25)
     FDC:D                     0.102          counter_1s_25
    ----------------------------------------
    Total                      4.908ns (2.100ns logic, 2.808ns route)
                                       (42.8% logic, 57.2% route)

=========================================================================
Timing constraint: Default OFFSET IN BEFORE for Clock 'clk'
  Total number of paths / destination ports: 39 / 39
-------------------------------------------------------------------------
Offset:              3.014ns (Levels of Logic = 1)
  Source:            reset (PAD)
  Destination:       nut_press (FF)
  Destination Clock: clk rising

  Data Path: reset to nut_press
                                Gate     Net
    Cell:in->out      fanout   Delay   Delay  Logical Name (Net Name)
    ----------------------------------------  ------------
     IBUF:I->O            37   1.222   1.362  reset_IBUF (reset_IBUF)
     FDC:CLR                   0.430          nut_press
    ----------------------------------------
    Total                      3.014ns (1.652ns logic, 1.362ns route)
                                       (54.8% logic, 45.2% route)

=========================================================================
Timing constraint: Default OFFSET OUT AFTER for Clock 'clk'
  Total number of paths / destination ports: 5 / 4
-------------------------------------------------------------------------
Offset:              4.619ns (Levels of Logic = 2)
  Source:            cur_state_FSM_FFd1 (FF)
  Destination:       xanh_led (PAD)
  Source Clock:      clk rising

  Data Path: cur_state_FSM_FFd1 to xanh_led
                                Gate     Net
    Cell:in->out      fanout   Delay   Delay  Logical Name (Net Name)
    ----------------------------------------  ------------
     FDC:C->Q              5   0.447   0.819  cur_state_FSM_FFd1 (cur_state_FSM_FFd1)
     LUT2:I0->O            1   0.203   0.579  xanh_led11 (xanh_led_OBUF)
     OBUF:I->O                 2.571          xanh_led_OBUF (xanh_led)
    ----------------------------------------
    Total                      4.619ns (3.221ns logic, 1.398ns route)
                                       (69.7% logic, 30.3% route)

=========================================================================

Cross Clock Domains Report:
--------------------------

Clock to Setup on destination clock clk
---------------+---------+---------+---------+---------+
               | Src:Rise| Src:Fall| Src:Rise| Src:Fall|
Source Clock   |Dest:Rise|Dest:Rise|Dest:Fall|Dest:Fall|
---------------+---------+---------+---------+---------+
clk            |    4.908|         |         |         |
---------------+---------+---------+---------+---------+

=========================================================================


Total REAL time to Xst completion: 14.00 secs
Total CPU time to Xst completion: 13.37 secs
 
--> 


Total memory usage is 484508 kilobytes

Number of errors   :    0 (   0 filtered)
Number of warnings :    0 (   0 filtered)
Number of infos    :    0 (   0 filtered)

